TN:
SF:/Users/michelguillaume/Documents/Michel/code/boost_server/BoostServer/src/HttpListener.cpp
FN:3,_ZN12HttpListenerC2ERN5boost4asio10io_contextENS1_2ip14basic_endpointINS4_3tcpEEERKNSt3__110shared_ptrIKNS8_12basic_stringIcNS8_11char_traitsIcEENS8_9allocatorIcEEEEEE
FN:3,_ZN12HttpListenerC1ERN5boost4asio10io_contextENS1_2ip14basic_endpointINS4_3tcpEEERKNSt3__110shared_ptrIKNS8_12basic_stringIcNS8_11char_traitsIcEENS8_9allocatorIcEEEEEE
FN:49,_ZN12HttpListener3runEv
FN:54,_ZN12HttpListener8doAcceptEv
FN:64,_ZN12HttpListener8onAcceptEN5boost6system10error_codeENS0_4asio19basic_stream_socketINS3_2ip3tcpENS3_8executorEEE
FNDA:0,_ZN12HttpListenerC2ERN5boost4asio10io_contextENS1_2ip14basic_endpointINS4_3tcpEEERKNSt3__110shared_ptrIKNS8_12basic_stringIcNS8_11char_traitsIcEENS8_9allocatorIcEEEEEE
FNDA:0,_ZN12HttpListenerC1ERN5boost4asio10io_contextENS1_2ip14basic_endpointINS4_3tcpEEERKNSt3__110shared_ptrIKNS8_12basic_stringIcNS8_11char_traitsIcEENS8_9allocatorIcEEEEEE
FNDA:0,_ZN12HttpListener3runEv
FNDA:0,_ZN12HttpListener8doAcceptEv
FNDA:0,_ZN12HttpListener8onAcceptEN5boost6system10error_codeENS0_4asio19basic_stream_socketINS3_2ip3tcpENS3_8executorEEE
FNF:5
FNH:0
DA:3,0
DA:7,0
DA:8,0
DA:9,0
DA:10,0
DA:11,0
DA:14,0
DA:15,0
DA:17,0
DA:18,0
DA:22,0
DA:23,0
DA:25,0
DA:26,0
DA:30,0
DA:31,0
DA:33,0
DA:34,0
DA:38,0
DA:40,0
DA:42,0
DA:43,0
DA:45,0
DA:49,0
DA:51,0
DA:52,0
DA:54,0
DA:57,0
DA:58,0
DA:59,0
DA:60,0
DA:61,0
DA:62,0
DA:64,0
DA:66,0
DA:68,0
DA:69,0
DA:73,0
DA:74,0
DA:75,0
DA:79,0
DA:80,0
LF:42
LH:0
end_of_record
SF:/Users/michelguillaume/Documents/Michel/code/boost_server/BoostServer/src/HttpSession.hpp
FN:39,_ZN11HttpSessionD2Ev
FN:39,_ZN11HttpSessionD1Ev
FN:47,_ZN11HttpSession11send_lambdaC2ERS_
FN:47,_ZN11HttpSession11send_lambdaC1ERS_
FN:100,_ZN11HttpSessionC1EON5boost4asio19basic_stream_socketINS1_2ip3tcpENS1_8executorEEERKNSt3__110shared_ptrIKNS8_12basic_stringIcNS8_11char_traitsIcEENS8_9allocatorIcEEEEEE
FN:100,_ZN11HttpSessionC2EON5boost4asio19basic_stream_socketINS1_2ip3tcpENS1_8executorEEERKNSt3__110shared_ptrIKNS8_12basic_stringIcNS8_11char_traitsIcEENS8_9allocatorIcEEEEEE
FNDA:0,_ZN11HttpSessionD1Ev
FNDA:0,_ZN11HttpSessionD2Ev
FNDA:0,_ZN11HttpSession11send_lambdaC1ERS_
FNDA:0,_ZN11HttpSession11send_lambdaC2ERS_
FNDA:0,_ZN11HttpSessionC1EON5boost4asio19basic_stream_socketINS1_2ip3tcpENS1_8executorEEERKNSt3__110shared_ptrIKNS8_12basic_stringIcNS8_11char_traitsIcEENS8_9allocatorIcEEEEEE
FNDA:0,_ZN11HttpSessionC2EON5boost4asio19basic_stream_socketINS1_2ip3tcpENS1_8executorEEERKNSt3__110shared_ptrIKNS8_12basic_stringIcNS8_11char_traitsIcEENS8_9allocatorIcEEEEEE
FNF:6
FNH:0
DA:39,0
DA:47,0
DA:48,0
DA:49,0
DA:50,0
DA:100,0
DA:103,0
DA:104,0
DA:105,0
LF:9
LH:0
end_of_record
TN:
SF:/Users/michelguillaume/Documents/Michel/code/boost_server/BoostServer/src/Logger/Logger.cpp
FN:7,_ZN6Logger8getLevelEv
FN:16,_ZN6Logger8setLevelEi
FN:27,_ZN6Logger5debugERKNSt3__112basic_stringIcNS0_11char_traitsIcEENS0_9allocatorIcEEEE
FN:38,_ZN6Logger4infoERKNSt3__112basic_stringIcNS0_11char_traitsIcEENS0_9allocatorIcEEEE
FN:49,_ZN6Logger4warnERKNSt3__112basic_stringIcNS0_11char_traitsIcEENS0_9allocatorIcEEEE
FN:60,_ZN6Logger5errorERKNSt3__112basic_stringIcNS0_11char_traitsIcEENS0_9allocatorIcEEEE
FNDA:0,_ZN6Logger8getLevelEv
FNDA:0,_ZN6Logger8setLevelEi
FNDA:0,_ZN6Logger5debugERKNSt3__112basic_stringIcNS0_11char_traitsIcEENS0_9allocatorIcEEEE
FNDA:7,_ZN6Logger4infoERKNSt3__112basic_stringIcNS0_11char_traitsIcEENS0_9allocatorIcEEEE
FNDA:0,_ZN6Logger4warnERKNSt3__112basic_stringIcNS0_11char_traitsIcEENS0_9allocatorIcEEEE
FNDA:0,_ZN6Logger5errorERKNSt3__112basic_stringIcNS0_11char_traitsIcEENS0_9allocatorIcEEEE
FNF:6
FNH:1
DA:7,0
DA:9,0
DA:16,0
DA:18,0
DA:20,0
DA:21,0
DA:22,0
DA:27,0
DA:29,0
DA:31,0
DA:32,0
DA:33,0
DA:38,7
DA:40,7
DA:42,7
DA:43,7
DA:44,7
DA:49,0
DA:51,0
DA:53,0
DA:54,0
DA:55,0
DA:60,0
DA:62,0
DA:64,0
DA:65,0
DA:66,0
LF:27
LH:5
end_of_record
TN:
SF:/Users/michelguillaume/Documents/Michel/code/boost_server/BoostServer/src/HttpListener.hpp
FN:16,_ZN12HttpListenerD1Ev
FN:16,_ZN12HttpListenerD2Ev
FNDA:0,_ZN12HttpListenerD1Ev
FNDA:0,_ZN12HttpListenerD2Ev
FNF:2
FNH:0
DA:16,0
LF:1
LH:0
end_of_record
SF:/Users/michelguillaume/Documents/Michel/code/boost_server/BoostServer/src/HttpServer.cpp
FN:3,_ZN10HttpServerC2EPcS0_S0_S0_
FN:3,_ZN10HttpServerC1EPcS0_S0_S0_
FN:23,_ZZN10HttpServerC1EPcS0_S0_S0_ENK3$_0clEv
FNDA:0,_ZN10HttpServerC2EPcS0_S0_S0_
FNDA:0,_ZN10HttpServerC1EPcS0_S0_S0_
FNDA:0,_ZZN10HttpServerC1EPcS0_S0_S0_ENK3$_0clEv
FNF:3
FNH:0
DA:3,0
DA:4,0
DA:5,0
DA:6,0
DA:7,0
DA:10,0
DA:13,0
DA:15,0
DA:16,0
DA:19,0
DA:20,0
DA:21,0
DA:22,0
DA:23,0
DA:25,0
DA:26,0
DA:27,0
DA:28,0
LF:18
LH:0
end_of_record
TN:
SF:/Users/michelguillaume/Documents/Michel/code/boost_server/BoostServer/src/Logger/LoggerConsole.cpp
FN:7,_ZN13LoggerConsole5writeERKNSt3__112basic_stringIcNS0_11char_traitsIcEENS0_9allocatorIcEEEE
FNDA:0,_ZN13LoggerConsole5writeERKNSt3__112basic_stringIcNS0_11char_traitsIcEENS0_9allocatorIcEEEE
FNF:1
FNH:0
DA:7,0
DA:9,0
DA:10,0
LF:3
LH:0
end_of_record
TN:
SF:/Users/michelguillaume/Documents/Michel/code/boost_server/BoostServer/src/HttpSession.cpp
FN:8,_ZN11HttpSession7pathCatEN5boost17basic_string_viewIcNSt3__111char_traitsIcEEEES5_
FN:36,_ZN11HttpSession13handleRequestIN5boost5beast4http17basic_string_bodyIcNSt3__111char_traitsIcEENS5_9allocatorIcEEEES9_RNS_11send_lambdaEEEvNS1_17basic_string_viewIcS7_EEONS3_7messageILb1ET_NS3_12basic_fieldsIT0_EEEEOT1_
FN:41,_ZZN11HttpSession13handleRequestIN5boost5beast4http17basic_string_bodyIcNSt3__111char_traitsIcEENS5_9allocatorIcEEEES9_RNS_11send_lambdaEEEvNS1_17basic_string_viewIcS7_EEONS3_7messageILb1ET_NS3_12basic_fieldsIT0_EEEEOT1_ENKUlvE_clEv
FN:97,_ZZN11HttpSession13handleRequestIN5boost5beast4http17basic_string_bodyIcNSt3__111char_traitsIcEENS5_9allocatorIcEEEES9_RNS_11send_lambdaEEEvNS1_17basic_string_viewIcS7_EEONS3_7messageILb1ET_NS3_12basic_fieldsIT0_EEEEOT1_ENKUlSE_E_clESE_
FN:110,_ZZN11HttpSession13handleRequestIN5boost5beast4http17basic_string_bodyIcNSt3__111char_traitsIcEENS5_9allocatorIcEEEES9_RNS_11send_lambdaEEEvNS1_17basic_string_viewIcS7_EEONS3_7messageILb1ET_NS3_12basic_fieldsIT0_EEEEOT1_ENKUlSE_E0_clESE_
FN:123,_ZZN11HttpSession13handleRequestIN5boost5beast4http17basic_string_bodyIcNSt3__111char_traitsIcEENS5_9allocatorIcEEEES9_RNS_11send_lambdaEEEvNS1_17basic_string_viewIcS7_EEONS3_7messageILb1ET_NS3_12basic_fieldsIT0_EEEEOT1_ENKUlSE_E1_clESE_
FN:195,_ZN11HttpSession3runEv
FN:207,_ZN11HttpSession6doReadEv
FN:223,_ZN11HttpSession6onReadEN5boost6system10error_codeEm
FN:240,_ZN11HttpSession7onWriteEbN5boost6system10error_codeEm
FN:264,_ZN11HttpSession7doCloseEv
FNDA:0,_ZN11HttpSession7pathCatEN5boost17basic_string_viewIcNSt3__111char_traitsIcEEEES5_
FNDA:0,_ZN11HttpSession13handleRequestIN5boost5beast4http17basic_string_bodyIcNSt3__111char_traitsIcEENS5_9allocatorIcEEEES9_RNS_11send_lambdaEEEvNS1_17basic_string_viewIcS7_EEONS3_7messageILb1ET_NS3_12basic_fieldsIT0_EEEEOT1_
FNDA:0,_ZZN11HttpSession13handleRequestIN5boost5beast4http17basic_string_bodyIcNSt3__111char_traitsIcEENS5_9allocatorIcEEEES9_RNS_11send_lambdaEEEvNS1_17basic_string_viewIcS7_EEONS3_7messageILb1ET_NS3_12basic_fieldsIT0_EEEEOT1_ENKUlvE_clEv
FNDA:0,_ZZN11HttpSession13handleRequestIN5boost5beast4http17basic_string_bodyIcNSt3__111char_traitsIcEENS5_9allocatorIcEEEES9_RNS_11send_lambdaEEEvNS1_17basic_string_viewIcS7_EEONS3_7messageILb1ET_NS3_12basic_fieldsIT0_EEEEOT1_ENKUlSE_E_clESE_
FNDA:0,_ZZN11HttpSession13handleRequestIN5boost5beast4http17basic_string_bodyIcNSt3__111char_traitsIcEENS5_9allocatorIcEEEES9_RNS_11send_lambdaEEEvNS1_17basic_string_viewIcS7_EEONS3_7messageILb1ET_NS3_12basic_fieldsIT0_EEEEOT1_ENKUlSE_E0_clESE_
FNDA:0,_ZZN11HttpSession13handleRequestIN5boost5beast4http17basic_string_bodyIcNSt3__111char_traitsIcEENS5_9allocatorIcEEEES9_RNS_11send_lambdaEEEvNS1_17basic_string_viewIcS7_EEONS3_7messageILb1ET_NS3_12basic_fieldsIT0_EEEEOT1_ENKUlSE_E1_clESE_
FNDA:0,_ZN11HttpSession3runEv
FNDA:0,_ZN11HttpSession6doReadEv
FNDA:0,_ZN11HttpSession6onReadEN5boost6system10error_codeEm
FNDA:0,_ZN11HttpSession7onWriteEbN5boost6system10error_codeEm
FNDA:0,_ZN11HttpSession7doCloseEv
FNF:11
FNH:0
DA:8,0
DA:10,0
DA:11,0
DA:12,0
DA:22,0
DA:23,0
DA:24,0
DA:25,0
DA:27,0
DA:28,0
DA:36,0
DA:41,0
DA:43,0
DA:44,0
DA:45,0
DA:46,0
DA:49,0
DA:51,0
DA:52,0
DA:55,0
DA:56,0
DA:57,0
DA:60,0
DA:61,0
DA:63,0
DA:66,0
DA:67,0
DA:68,0
DA:69,0
DA:70,0
DA:71,0
DA:73,0
DA:75,0
DA:76,0
DA:79,0
DA:80,0
DA:83,0
DA:84,0
DA:85,0
DA:87,0
DA:88,0
DA:90,0
DA:91,0
DA:92,0
DA:93,0
DA:97,0
DA:99,0
DA:100,0
DA:101,0
DA:102,0
DA:103,0
DA:104,0
DA:105,0
DA:106,0
DA:110,0
DA:112,0
DA:113,0
DA:114,0
DA:115,0
DA:116,0
DA:117,0
DA:118,0
DA:119,0
DA:123,0
DA:125,0
DA:126,0
DA:127,0
DA:128,0
DA:129,0
DA:130,0
DA:131,0
DA:132,0
DA:135,0
DA:136,0
DA:137,0
DA:139,0
DA:141,0
DA:145,0
DA:146,0
DA:147,0
DA:148,0
DA:151,0
DA:152,0
DA:153,0
DA:156,0
DA:157,0
DA:158,0
DA:161,0
DA:162,0
DA:165,0
DA:166,0
DA:169,0
DA:172,0
DA:174,0
DA:175,0
DA:176,0
DA:177,0
DA:178,0
DA:179,0
DA:180,0
DA:183,0
DA:185,0
DA:186,0
DA:187,0
DA:188,0
DA:189,0
DA:190,0
DA:191,0
DA:192,0
DA:195,0
DA:201,0
DA:202,0
DA:203,0
DA:204,0
DA:205,0
DA:207,0
DA:211,0
DA:214,0
DA:217,0
DA:218,0
DA:219,0
DA:220,0
DA:221,0
DA:223,0
DA:227,0
DA:230,0
DA:231,0
DA:233,0
DA:234,0
DA:237,0
DA:238,0
DA:240,0
DA:245,0
DA:247,0
DA:248,0
DA:250,0
DA:254,0
DA:258,0
DA:261,0
DA:262,0
DA:264,0
DA:267,0
DA:268,0
DA:271,0
LF:144
LH:0
end_of_record
SF:/Users/michelguillaume/Documents/Michel/code/boost_server/BoostServer/src/HttpSession.hpp
FN:53,_ZNK11HttpSession11send_lambdaclILb0EN5boost5beast4http10empty_bodyENS4_12basic_fieldsINSt3__19allocatorIcEEEEEEvONS4_7messageIXT_ET0_T1_EE
FN:53,_ZNK11HttpSession11send_lambdaclILb0EN5boost5beast4http15basic_file_bodyINS3_10file_posixEEENS4_12basic_fieldsINSt3__19allocatorIcEEEEEEvONS4_7messageIXT_ET0_T1_EE
FN:53,_ZNK11HttpSession11send_lambdaclILb0EN5boost5beast4http17basic_string_bodyIcNSt3__111char_traitsIcEENS6_9allocatorIcEEEENS4_12basic_fieldsISA_EEEEvONS4_7messageIXT_ET0_T1_EE
FNDA:0,_ZNK11HttpSession11send_lambdaclILb0EN5boost5beast4http17basic_string_bodyIcNSt3__111char_traitsIcEENS6_9allocatorIcEEEENS4_12basic_fieldsISA_EEEEvONS4_7messageIXT_ET0_T1_EE
FNDA:0,_ZNK11HttpSession11send_lambdaclILb0EN5boost5beast4http10empty_bodyENS4_12basic_fieldsINSt3__19allocatorIcEEEEEEvONS4_7messageIXT_ET0_T1_EE
FNDA:0,_ZNK11HttpSession11send_lambdaclILb0EN5boost5beast4http15basic_file_bodyINS3_10file_posixEEENS4_12basic_fieldsINSt3__19allocatorIcEEEEEEvONS4_7messageIXT_ET0_T1_EE
FNF:3
FNH:0
DA:53,0
DA:58,0
DA:59,0
DA:63,0
DA:66,0
DA:67,0
DA:68,0
DA:69,0
DA:70,0
DA:71,0
DA:72,0
DA:73,0
LF:12
LH:0
end_of_record
TN:
SF:/Users/michelguillaume/Documents/Michel/code/boost_server/BoostServer/src/Logger/Logger.hpp
FN:45,_ZN6LoggerC2Ev
FNDA:7,_ZN6LoggerC2Ev
FNF:1
FNH:1
DA:45,7
DA:52,7
LF:2
LH:2
end_of_record
SF:/Users/michelguillaume/Documents/Michel/code/boost_server/BoostServer/src/Logger/LoggerFile.cpp
FN:5,_ZN10LoggerFileC2Ev
FN:5,_ZN10LoggerFileC1Ev
FN:12,_ZN10LoggerFile5writeERKNSt3__112basic_stringIcNS0_11char_traitsIcEENS0_9allocatorIcEEEE
FN:22,_ZN10LoggerFileD2Ev
FN:22,_ZN10LoggerFileD1Ev
FNDA:7,_ZN10LoggerFileC2Ev
FNDA:7,_ZN10LoggerFileC1Ev
FNDA:7,_ZN10LoggerFile5writeERKNSt3__112basic_stringIcNS0_11char_traitsIcEENS0_9allocatorIcEEEE
FNDA:7,_ZN10LoggerFileD2Ev
FNDA:7,_ZN10LoggerFileD1Ev
FNF:5
FNH:5
DA:5,14
DA:6,21
DA:7,14
DA:12,7
DA:14,7
DA:15,7
DA:16,7
DA:17,7
DA:18,7
DA:22,14
DA:23,7
DA:24,14
LF:12
LH:12
end_of_record
TN:
SF:/Users/michelguillaume/Documents/Michel/code/boost_server/BoostServer/src/HttpUtils.cpp
FN:6,_ZN9HttpUtilsC1Ev
FN:6,_ZN9HttpUtilsC2Ev
FN:13,_ZN9HttpUtils11getMimeTypeEN5boost17basic_string_viewIcNSt3__111char_traitsIcEEEE
FN:16,_ZZN9HttpUtils11getMimeTypeEN5boost17basic_string_viewIcNSt3__111char_traitsIcEEEEENK3$_0clEv
FN:95,_ZN9HttpUtils6onFailEN5boost6system10error_codeEPKc
FN:105,_ZN9HttpUtilsD2Ev
FN:105,_ZN9HttpUtilsD1Ev
FNDA:0,_ZN9HttpUtilsC2Ev
FNDA:0,_ZN9HttpUtilsC1Ev
FNDA:7,_ZN9HttpUtils11getMimeTypeEN5boost17basic_string_viewIcNSt3__111char_traitsIcEEEE
FNDA:7,_ZZN9HttpUtils11getMimeTypeEN5boost17basic_string_viewIcNSt3__111char_traitsIcEEEEENK3$_0clEv
FNDA:0,_ZN9HttpUtils6onFailEN5boost6system10error_codeEPKc
FNDA:0,_ZN9HttpUtilsD2Ev
FNDA:0,_ZN9HttpUtilsD1Ev
FNF:7
FNH:2
DA:6,0
DA:13,7
DA:16,14
DA:17,7
DA:18,7
DA:19,2
DA:20,5
DA:21,7
DA:23,7
DA:25,7
DA:27,1
DA:28,1
DA:29,6
DA:31,0
DA:32,0
DA:33,6
DA:35,1
DA:36,1
DA:37,5
DA:39,0
DA:40,0
DA:41,5
DA:43,0
DA:44,0
DA:45,5
DA:47,0
DA:48,0
DA:49,5
DA:51,0
DA:52,0
DA:53,5
DA:55,0
DA:56,0
DA:57,5
DA:59,0
DA:60,0
DA:61,5
DA:63,1
DA:64,1
DA:65,4
DA:67,1
DA:68,1
DA:69,3
DA:71,0
DA:72,0
DA:73,3
DA:75,0
DA:76,0
DA:77,3
DA:79,0
DA:80,0
DA:81,3
DA:83,0
DA:84,0
DA:85,7
DA:86,7
DA:88,7
DA:95,0
DA:97,0
DA:98,0
DA:99,0
DA:105,0
LF:62
LH:34
end_of_record
